<?xml version="1.0" encoding="UTF-8"?>
<!-- Generated by org.testng.reporters.JUnitReportReporter -->
<testsuite skipped="0" hostname="LAPTOP-GO3I8L2T" name="com.Sentrifugo.PIM.testCases.LoginTest" tests="1" failures="0" timestamp="13 Mar 2020 10:46:38 GMT" time="3.511" errors="0">
  <testcase name="loginTest" time="3.511" classname="com.Sentrifugo.PIM.testCases.LoginTest"/>
</testsuite> <!-- com.Sentrifugo.PIM.testCases.LoginTest -->
