<?xml version="1.0" encoding="UTF-8"?>
<!-- Generated by org.testng.reporters.JUnitReportReporter -->
<testsuite skipped="0" hostname="LAPTOP-GO3I8L2T" name="com.Sentrifugo.PIM.testCases.ConfigOptFieldsTest" tests="1" failures="0" timestamp="12 Mar 2020 11:18:52 GMT" time="12.889" errors="0">
  <testcase name="configOptFieldsTest" time="12.889" classname="com.Sentrifugo.PIM.testCases.ConfigOptFieldsTest"/>
</testsuite> <!-- com.Sentrifugo.PIM.testCases.ConfigOptFieldsTest -->
